Reading directory: "/home/jb/Dev"
Reading directory: "/home/jb/Dev/rfiles"
Reading directory: "/home/jb/Dev"
Reading directory: "/home/jb/Dev/rfiles/.git"
Reading directory: "/home/jb/Dev/rfiles/src"
Reading directory: "/home/jb/Dev/rfiles/target"
Attempting to preview or load: "/home/jb/Dev/rfiles/.gitignore"
preview loaded successfully for: "/home/jb/Dev/rfiles/.gitignore"
Attempting to preview or load: "/home/jb/Dev/rfiles/Cargo.lock"
preview loaded successfully for: "/home/jb/Dev/rfiles/Cargo.lock"
Attempting to preview or load: "/home/jb/Dev/rfiles/Cargo.toml"
preview loaded successfully for: "/home/jb/Dev/rfiles/Cargo.toml"
Attempting to preview or load: "/home/jb/Dev/rfiles/debug.log"
preview loaded successfully for: "/home/jb/Dev/rfiles/debug.log"
Attempting to preview or load: "/home/jb/Dev/rfiles/todo.txt"
preview loaded successfully for: "/home/jb/Dev/rfiles/todo.txt"
Attempting to preview or load: "/home/jb/Dev/rfiles/debug.log"
preview loaded successfully for: "/home/jb/Dev/rfiles/debug.log"
Attempting to preview or load: "/home/jb/Dev/rfiles/Cargo.toml"
preview loaded successfully for: "/home/jb/Dev/rfiles/Cargo.toml"
Attempting to preview or load: "/home/jb/Dev/rfiles/Cargo.lock"
preview loaded successfully for: "/home/jb/Dev/rfiles/Cargo.lock"
Attempting to preview or load: "/home/jb/Dev/rfiles/.gitignore"
preview loaded successfully for: "/home/jb/Dev/rfiles/.gitignore"
Reading directory: "/home/jb/Dev/rfiles/target"
Reading directory: "/home/jb/Dev/rfiles/src"
Reading directory: "/home/jb/Dev/rfiles/.git"
Reading directory: "/home/jb/Dev"
Reading directory: "/home/jb/Dev/rfiles/.git"
Reading directory: "/home/jb/Dev/rfiles/src"
Reading directory: "/home/jb/Dev/rfiles/target"
Attempting to preview or load: "/home/jb/Dev/rfiles/.gitignore"
preview loaded successfully for: "/home/jb/Dev/rfiles/.gitignore"
Attempting to preview or load: "/home/jb/Dev/rfiles/Cargo.lock"
preview loaded successfully for: "/home/jb/Dev/rfiles/Cargo.lock"
Attempting to preview or load: "/home/jb/Dev/rfiles/Cargo.toml"
preview loaded successfully for: "/home/jb/Dev/rfiles/Cargo.toml"
Attempting to preview or load: "/home/jb/Dev/rfiles/debug.log"
preview loaded successfully for: "/home/jb/Dev/rfiles/debug.log"
Attempting to preview or load: "/home/jb/Dev/rfiles/Cargo.toml"
preview loaded successfully for: "/home/jb/Dev/rfiles/Cargo.toml"
Attempting to preview or load: "/home/jb/Dev/rfiles/Cargo.lock"
preview loaded successfully for: "/home/jb/Dev/rfiles/Cargo.lock"
Attempting to preview or load: "/home/jb/Dev/rfiles/.gitignore"
preview loaded successfully for: "/home/jb/Dev/rfiles/.gitignore"
Reading directory: "/home/jb/Dev/rfiles/target"
Reading directory: "/home/jb/Dev/rfiles/src"
Reading directory: "/home/jb/Dev/rfiles/.git"
Reading directory: "/home/jb/Dev/rfiles/src"
Reading directory: "/home/jb/Dev/rfiles/target"
Attempting to preview or load: "/home/jb/Dev/rfiles/.gitignore"
preview loaded successfully for: "/home/jb/Dev/rfiles/.gitignore"
Reading directory: "/home/jb/Dev/rfiles/target"
Attempting to preview or load: "/home/jb/Dev/rfiles/.gitignore"
preview loaded successfully for: "/home/jb/Dev/rfiles/.gitignore"
Reading directory: "/home/jb/Dev/rfiles/target"
Reading directory: "/home/jb/Dev/rfiles/src"
Reading directory: "/home/jb/Dev"
Reading directory: "/home/jb/Dev/rfiles"
Reading directory: "/home/jb/Dev/rfiles/.git"
Reading directory: "/home/jb/Dev/rfiles/src"
Reading directory: "/home/jb/Dev/rfiles/.git"
Reading directory: "/home/jb/Dev/rfiles/src"
Reading directory: "/home/jb/Dev/rfiles/target"
Attempting to preview or load: "/home/jb/Dev/rfiles/.gitignore"
preview loaded successfully for: "/home/jb/Dev/rfiles/.gitignore"
Attempting to preview or load: "/home/jb/Dev/rfiles/Cargo.lock"
preview loaded successfully for: "/home/jb/Dev/rfiles/Cargo.lock"
Attempting to preview or load: "/home/jb/Dev/rfiles/Cargo.toml"
preview loaded successfully for: "/home/jb/Dev/rfiles/Cargo.toml"
Attempting to preview or load: "/home/jb/Dev/rfiles/debug.log"
preview loaded successfully for: "/home/jb/Dev/rfiles/debug.log"
Attempting to preview or load: "/home/jb/Dev/rfiles/todo.txt"
preview loaded successfully for: "/home/jb/Dev/rfiles/todo.txt"
Attempting to preview or load: "/home/jb/Dev/rfiles/debug.log"
preview loaded successfully for: "/home/jb/Dev/rfiles/debug.log"
Attempting to preview or load: "/home/jb/Dev/rfiles/Cargo.toml"
preview loaded successfully for: "/home/jb/Dev/rfiles/Cargo.toml"
Reading directory: "/home/jb"
Reading directory: "/home/jb/Dev"
Reading directory: "/home/jb/Dev/rfiles"
Reading directory: "/home/jb/Dev"
Reading directory: "/home/jb/Dev/rfiles"
Reading directory: "/home/jb/Dev/rfiles/.git"
Reading directory: "/home/jb/Dev/rfiles"
Reading directory: "/home/jb/Dev/rfiles/.git"
Reading directory: "/home/jb/Dev/rfiles/.git/hooks"
Reading directory: "/home/jb/Dev"
Reading directory: "/home/jb/Dev/rfiles"
Reading directory: "/home/jb/Dev/rfiles/.git"
Reading directory: "/home/jb"
Reading directory: "/home/jb/Dev"
Reading directory: "/home/jb/Dev/rfiles"
Reading directory: "/home/jb/Dev"
Reading directory: "/home/jb/Dev/rfiles"
Reading directory: "/home/jb/Dev/rfiles/.git"
Reading directory: "/home/jb/Dev/rfiles"
Reading directory: "/home/jb/Dev/rfiles/.git"
Reading directory: "/home/jb/Dev/rfiles/.git/hooks"
Reading directory: "/home/jb/Dev"
Reading directory: "/home/jb/Dev/rfiles"
Reading directory: "/home/jb/Dev/rfiles/.git"
Reading directory: "/home/jb"
Reading directory: "/home/jb/Dev"
Reading directory: "/home/jb/Dev/rfiles"
Reading directory: "/home/jb/Dev"
Reading directory: "/home/jb/Dev/rfiles"
Reading directory: "/home/jb/Dev/rfiles/.git"
Reading directory: "/home/jb/Dev/rfiles"
Reading directory: "/home/jb/Dev/rfiles/.git"
Reading directory: "/home/jb/Dev/rfiles/.git/hooks"
Reading directory: "/home/jb/Dev"
Reading directory: "/home/jb/Dev/rfiles"
Reading directory: "/home/jb/Dev/rfiles/.git"
Reading directory: "/home/jb"
Reading directory: "/home/jb/Dev"
Reading directory: "/home/jb/Dev/rfiles"
Reading directory: "/home/jb/Dev"
Reading directory: "/home/jb/Dev/rfiles"
Reading directory: "/home/jb/Dev/rfiles/.git"
Reading directory: "/home/jb/Dev/rfiles"
Reading directory: "/home/jb/Dev/rfiles/.git"
Reading directory: "/home/jb/Dev/rfiles/.git/hooks"
Reading directory: "/home/jb/Dev"
Reading directory: "/home/jb/Dev/rfiles"
Reading directory: "/home/jb/Dev/rfiles/.git"
Reading directory: "/home/jb"
Reading directory: "/home/jb/Dev"
Reading directory: "/home/jb/Dev/rfiles"
Reading directory: "/home/jb/Dev"
Reading directory: "/home/jb/Dev/rfiles"
Reading directory: "/home/jb/Dev/rfiles/.git"
Reading directory: "/home/jb/Dev/rfiles"
Reading directory: "/home/jb/Dev/rfiles/.git"
Reading directory: "/home/jb/Dev/rfiles/.git/hooks"
Reading directory: "/home/jb/Dev"
Reading directory: "/home/jb/Dev/rfiles"
Reading directory: "/home/jb/Dev/rfiles/.git"
Reading directory: "/home/jb"
Reading directory: "/home/jb/Dev"
Reading directory: "/home/jb/Dev/rfiles"
Reading directory: "/home/jb/Dev"
Reading directory: "/home/jb/Dev/rfiles"
Reading directory: "/home/jb/Dev/rfiles/.git"
Reading directory: "/home/jb/Dev/rfiles"
Reading directory: "/home/jb/Dev/rfiles/.git"
Reading directory: "/home/jb/Dev/rfiles/.git/hooks"
Reading directory: "/home/jb/Dev"
Reading directory: "/home/jb/Dev/rfiles"
Reading directory: "/home/jb/Dev/rfiles/.git"
Reading directory: "/home/jb"
Reading directory: "/home/jb/Dev"
Reading directory: "/home/jb/Dev/rfiles"
Reading directory: "/home/jb/Dev"
Reading directory: "/home/jb/Dev/rfiles"
Reading directory: "/home/jb/Dev/rfiles/.git"
Reading directory: "/home/jb/Dev/rfiles"
Reading directory: "/home/jb/Dev/rfiles/.git"
Reading directory: "/home/jb/Dev/rfiles/.git/hooks"
Reading directory: "/home/jb/Dev/rfiles/.git/info"
Reading directory: "/home/jb/Dev"
Reading directory: "/home/jb/Dev/rfiles"
Reading directory: "/home/jb/Dev/rfiles/.git"
Reading directory: "/home/jb"
Reading directory: "/home/jb/Dev"
Reading directory: "/home/jb/Dev/rfiles"
Reading directory: "/home"
Reading directory: "/home/jb"
Reading directory: "/home/jb/Dev"
Reading directory: "/"
Reading directory: "/home"
Reading directory: "/home/jb"
Reading directory: "/"
Reading directory: "/home"
Reading directory: "/home/jb/Dev"
Reading directory: "/home/jb/Dev/rfiles"
Reading directory: "/home/jb/Dev/rfiles/.git"
Reading directory: "/home/jb/Dev/rfiles/src"
Reading directory: "/home/jb/Dev/rfiles/target"
Attempting to preview or load: "/home/jb/Dev/rfiles/.gitignore"
preview loaded successfully for: "/home/jb/Dev/rfiles/.gitignore"
Attempting to preview or load: "/home/jb/Dev/rfiles/Cargo.lock"
preview loaded successfully for: "/home/jb/Dev/rfiles/Cargo.lock"
Attempting to preview or load: "/home/jb/Dev/rfiles/Cargo.toml"
preview loaded successfully for: "/home/jb/Dev/rfiles/Cargo.toml"
Attempting to preview or load: "/home/jb/Dev/rfiles/debug.log"
preview loaded successfully for: "/home/jb/Dev/rfiles/debug.log"
Attempting to preview or load: "/home/jb/Dev/rfiles/todo.txt"
preview loaded successfully for: "/home/jb/Dev/rfiles/todo.txt"
Reading directory: "/home/jb"
Reading directory: "/home/jb/Dev"
Reading directory: "/home/jb/Dev/rfiles"
Reading directory: "/home/jb/Dev/testingbecy"
Reading directory: "/home/jb/Dev/rfiles"
Reading directory: "/home/jb/Dev/gitpull"
Reading directory: "/home/jb/Dev/game91"
Reading directory: "/home"
Reading directory: "/home/jb"
Reading directory: "/home/jb/Dev"
Reading directory: "/home/jb/Documents"
Reading directory: "/home/jb/Downloads"
Reading directory: "/home/jb/Documents"
Reading directory: "/home/jb/Dev"
Reading directory: "/home/jb/.zen"
Reading directory: "/home/jb/.tmux"
Reading directory: "/home/jb/.thunderbird"
Reading directory: "/home/jb/.ssh"
Reading directory: "/home/jb/.rustup"
Reading directory: "/home/jb/.pki"
Reading directory: "/home/jb/.npm"
Reading directory: "/home/jb/.mozilla"
Reading directory: "/home/jb/.local"
Reading directory: "/home/jb/.gnupg"
Reading directory: "/home/jb/.config"
Reading directory: "/home/jb/.codeium"
Reading directory: "/home/jb/.cargo"
Reading directory: "/home/jb/.cache"
Reading directory: "/home/jb/.cargo"
Reading directory: "/home/jb/.codeium"
Reading directory: "/home/jb/.config"
Reading directory: "/home/jb/.gnupg"
Reading directory: "/home/jb/.local"
Reading directory: "/home/jb/.mozilla"
Reading directory: "/home/jb/.npm"
Reading directory: "/home/jb/.pki"
Reading directory: "/home/jb/.rustup"
Reading directory: "/home/jb/.ssh"
Reading directory: "/home/jb/.thunderbird"
Reading directory: "/home/jb/.tmux"
Reading directory: "/home/jb/.zen"
Reading directory: "/home/jb/Dev"
Reading directory: "/home/jb/Documents"
Reading directory: "/home/jb/Downloads"
Reading directory: "/"
Reading directory: "/home"
Reading directory: "/home/jb"
Reading directory: "/home/pacman"
Reading directory: "/home/jb"
Reading directory: "/home/pacman"
Reading directory: "/"
Reading directory: "/home"
Reading directory: "/lib"
Reading directory: "/lib64"
Reading directory: "/mnt"
Reading directory: "/opt"
Reading directory: "/proc"
Reading directory: "/root"
Reading directory: "/run"
Reading directory: "/sbin"
Reading directory: "/srv"
Reading directory: "/sys"
Reading directory: "/tmp"
Reading directory: "/usr"
Reading directory: "/var"
Reading directory: "/usr"
Reading directory: "/tmp"
Reading directory: "/sys"
Reading directory: "/srv"
Reading directory: "/sbin"
Reading directory: "/run"
Reading directory: "/root"
Reading directory: "/proc"
Reading directory: "/opt"
Reading directory: "/mnt"
Reading directory: "/lib64"
Reading directory: "/lib"
Reading directory: "/home"
Reading directory: "/etc"
Reading directory: "/dev"
Reading directory: "/boot"
Reading directory: "/bin"
Reading directory: "/boot"
Reading directory: "/home/jb/Dev"
Reading directory: "/home/jb/Dev/rfiles"
Reading directory: "/home/jb/Dev/rfiles/.git"
Reading directory: "/home/jb"
Reading directory: "/home/jb/Dev"
Reading directory: "/home/jb/Dev/rfiles"
Reading directory: "/home"
Reading directory: "/home/jb"
Reading directory: "/home/jb/Dev"
Reading directory: "/"
Reading directory: "/home"
Reading directory: "/home/jb"
Reading directory: "/"
Reading directory: "/home"
Reading directory: "/lib"
Reading directory: "/lib64"
Reading directory: "/mnt"
Reading directory: "/opt"
Reading directory: "/proc"
Reading directory: "/root"
Reading directory: "/run"
Reading directory: "/sbin"
Reading directory: "/run"
Reading directory: "/root"
Reading directory: "/proc"
Reading directory: "/opt"
Reading directory: "/mnt"
Reading directory: "/lib64"
Reading directory: "/lib"
Reading directory: "/home"
Reading directory: "/etc"
Reading directory: "/dev"
Reading directory: "/boot"
Reading directory: "/bin"
Reading directory: "/boot"
Reading directory: "/dev"
Reading directory: "/etc"
Reading directory: "/home"
Reading directory: "/lib"
Reading directory: "/lib64"
Reading directory: "/mnt"
Reading directory: "/opt"
Reading directory: "/proc"
Reading directory: "/root"
Reading directory: "/run"
Reading directory: "/sbin"
Reading directory: "/srv"
Reading directory: "/sys"
Reading directory: "/tmp"
Reading directory: "/usr"
Reading directory: "/var"
Reading directory: "/usr"
Reading directory: "/tmp"
Reading directory: "/sys"
Reading directory: "/srv"
Reading directory: "/sbin"
Reading directory: "/run"
Reading directory: "/root"
Reading directory: "/proc"
Reading directory: "/opt"
Reading directory: "/mnt"
Reading directory: "/lib64"
Reading directory: "/lib"
Reading directory: "/home"
Reading directory: "/etc"
Reading directory: "/dev"
Reading directory: "/boot"
Reading directory: "/bin"
Reading directory: "/boot"
Reading directory: "/dev"
Reading directory: "/etc"
Reading directory: "/home"
Reading directory: "/"
Reading directory: "/home"
Reading directory: "/home/jb"
Reading directory: "/home"
Reading directory: "/home/jb"
Reading directory: "/home/jb/.cache"
Reading directory: "/home/jb/.cargo"
Reading directory: "/home/jb/.codeium"
Reading directory: "/home/jb/.config"
Reading directory: "/home/jb/.gnupg"
Reading directory: "/home/jb/.local"
Reading directory: "/home/jb/.mozilla"
Reading directory: "/home/jb/.npm"
Reading directory: "/home/jb/.pki"
Reading directory: "/home/jb/.rustup"
Reading directory: "/home/jb/.ssh"
Reading directory: "/home/jb/.thunderbird"
Reading directory: "/home/jb/.tmux"
Reading directory: "/home/jb/.zen"
Reading directory: "/home/jb/Dev"
Reading directory: "/home/jb/Documents"
Reading directory: "/home/jb/Downloads"
Reading directory: "/home/jb/Infinity-SDDM-6"
Reading directory: "/home/jb/Downloads"
Reading directory: "/home/jb/Documents"
Reading directory: "/home/jb/Downloads"
Reading directory: "/home/jb/Infinity-SDDM-6"
Reading directory: "/"
Reading directory: "/home"
Reading directory: "/home/jb"
Reading directory: "/"
Reading directory: "/home"
Reading directory: "/lib"
Reading directory: "/"
Reading directory: "/lib"
Reading directory: "/lib/7zip"
Reading directory: "/lib/alsa-lib"
Reading directory: "/lib"
Reading directory: "/lib/alsa-lib"
Attempting to preview or load: "/lib/alsa-lib/libasound_module_ctl_pipewire.so"
preview loaded successfully for: "/lib/alsa-lib/libasound_module_ctl_pipewire.so"
Attempting to preview or load: "/lib/alsa-lib/libasound_module_pcm_pipewire.so"
preview loaded successfully for: "/lib/alsa-lib/libasound_module_pcm_pipewire.so"
Reading directory: "/"
Reading directory: "/lib"
Reading directory: "/lib/alsa-lib"
Reading directory: "/"
Reading directory: "/lib"
Reading directory: "/home/jb/Dev"
Reading directory: "/home/jb/Dev/rfiles"
Reading directory: "/home/jb/Dev/rfiles/.git"
Reading directory: "/home/jb"
Reading directory: "/home/jb/Dev"
Reading directory: "/home/jb/Dev/rfiles"
Reading directory: "/home"
Reading directory: "/home/jb"
Reading directory: "/home/jb/Dev"
Reading directory: "/home/jb/Documents"
Reading directory: "/home/jb/Downloads"
Reading directory: "/home/jb/Infinity-SDDM-6"
Reading directory: "/home/jb/macssh"
Reading directory: "/home/jb/Music"
Reading directory: "/home/jb/Nordic-darker-Plasma-6"
Reading directory: "/home/jb/Pictures"
Reading directory: "/home/jb/Scripts"
Reading directory: "/home/jb/Videos"
Reading directory: "/home/jb/wall-e"
Attempting to preview or load: "/home/jb/.bash_history"
preview loaded successfully for: "/home/jb/.bash_history"
Attempting to preview or load: "/home/jb/.bash_logout"
preview loaded successfully for: "/home/jb/.bash_logout"
Attempting to preview or load: "/home/jb/.bash_profile"
preview loaded successfully for: "/home/jb/.bash_profile"
Attempting to preview or load: "/home/jb/.bashrc"
preview loaded successfully for: "/home/jb/.bashrc"
Attempting to preview or load: "/home/jb/.env"
preview loaded successfully for: "/home/jb/.env"
Attempting to preview or load: "/home/jb/.face"
preview loaded successfully for: "/home/jb/.face"
Attempting to preview or load: "/home/jb/.gitconfig"
preview loaded successfully for: "/home/jb/.gitconfig"
Attempting to preview or load: "/home/jb/.gtkrc-2.0"
preview loaded successfully for: "/home/jb/.gtkrc-2.0"
Attempting to preview or load: "/home/jb/.profile"
preview loaded successfully for: "/home/jb/.profile"
Attempting to preview or load: "/home/jb/.repos"
preview loaded successfully for: "/home/jb/.repos"
Attempting to preview or load: "/home/jb/.tmux.conf"
preview loaded successfully for: "/home/jb/.tmux.conf"
Attempting to preview or load: "/home/jb/.viminfo"
preview loaded successfully for: "/home/jb/.viminfo"
Attempting to preview or load: "/home/jb/.Xresources"
preview loaded successfully for: "/home/jb/.Xresources"
Attempting to preview or load: "/home/jb/.zshenv"
preview loaded successfully for: "/home/jb/.zshenv"
Attempting to preview or load: "/home/jb/face"
preview loaded successfully for: "/home/jb/face"
Attempting to preview or load: "/home/jb/todo.txt"
preview loaded successfully for: "/home/jb/todo.txt"
Attempting to preview or load: "/home/jb/face"
preview loaded successfully for: "/home/jb/face"
Attempting to preview or load: "/home/jb/.zshenv"
preview loaded successfully for: "/home/jb/.zshenv"
Attempting to preview or load: "/home/jb/.Xresources"
preview loaded successfully for: "/home/jb/.Xresources"
Attempting to preview or load: "/home/jb/.viminfo"
preview loaded successfully for: "/home/jb/.viminfo"
Attempting to preview or load: "/home/jb/.tmux.conf"
preview loaded successfully for: "/home/jb/.tmux.conf"
Attempting to preview or load: "/home/jb/.repos"
preview loaded successfully for: "/home/jb/.repos"
Attempting to preview or load: "/home/jb/.profile"
preview loaded successfully for: "/home/jb/.profile"
Attempting to preview or load: "/home/jb/.gtkrc-2.0"
preview loaded successfully for: "/home/jb/.gtkrc-2.0"
Attempting to preview or load: "/home/jb/.gitconfig"
preview loaded successfully for: "/home/jb/.gitconfig"
Attempting to preview or load: "/home/jb/.face"
preview loaded successfully for: "/home/jb/.face"
Attempting to preview or load: "/home/jb/.env"
preview loaded successfully for: "/home/jb/.env"
Attempting to preview or load: "/home/jb/.bashrc"
preview loaded successfully for: "/home/jb/.bashrc"
Attempting to preview or load: "/home/jb/.bash_profile"
preview loaded successfully for: "/home/jb/.bash_profile"
Attempting to preview or load: "/home/jb/.bash_logout"
preview loaded successfully for: "/home/jb/.bash_logout"
Attempting to preview or load: "/home/jb/.bash_history"
preview loaded successfully for: "/home/jb/.bash_history"
Reading directory: "/home/jb/wall-e"
Reading directory: "/home/jb/Videos"
Reading directory: "/home/jb/Scripts"
Reading directory: "/home/jb/Pictures"
Reading directory: "/home/jb/Nordic-darker-Plasma-6"
Reading directory: "/home/jb/Music"
Reading directory: "/home/jb/macssh"
Reading directory: "/home/jb/Infinity-SDDM-6"
Reading directory: "/home/jb/Downloads"
Reading directory: "/home/jb/Documents"
Reading directory: "/home/jb/Dev"
Reading directory: "/home/jb/.zen"
Reading directory: "/home/jb/.tmux"
Reading directory: "/home/jb/.thunderbird"
Reading directory: "/home/jb/.ssh"
Reading directory: "/home/jb/.rustup"
Reading directory: "/home/jb/.pki"
Reading directory: "/home/jb/.npm"
Reading directory: "/home/jb/.mozilla"
Reading directory: "/home/jb/.local"
Reading directory: "/home/jb/.gnupg"
Reading directory: "/home/jb/.config"
Reading directory: "/home/jb/.codeium"
Reading directory: "/home/jb/.cargo"
Reading directory: "/home/jb/.cache"
Reading directory: "/home/jb/.cargo"
Reading directory: "/home/jb/.codeium"
Reading directory: "/home/jb/.config"
Reading directory: "/home/jb/.gnupg"
Reading directory: "/home/jb/.local"
Reading directory: "/home/jb/.mozilla"
Reading directory: "/home/jb/.npm"
Reading directory: "/home/jb/.pki"
Reading directory: "/home/jb/.rustup"
Reading directory: "/home/jb/.ssh"
Reading directory: "/home/jb/.thunderbird"
Reading directory: "/home/jb/.tmux"
Reading directory: "/home/jb/.zen"
Reading directory: "/home/jb/Dev"
Reading directory: "/home/jb/Documents"
Reading directory: "/home/jb/Downloads"
Reading directory: "/home/jb/Infinity-SDDM-6"
Reading directory: "/home/jb/macssh"
Reading directory: "/home/jb/Music"
Reading directory: "/home/jb/Nordic-darker-Plasma-6"
Reading directory: "/home/jb/Pictures"
Reading directory: "/home/jb/Scripts"
Reading directory: "/home/jb/Videos"
Reading directory: "/home/jb/wall-e"
Attempting to preview or load: "/home/jb/.bash_history"
preview loaded successfully for: "/home/jb/.bash_history"
Attempting to preview or load: "/home/jb/.bash_logout"
preview loaded successfully for: "/home/jb/.bash_logout"
Attempting to preview or load: "/home/jb/.bash_profile"
preview loaded successfully for: "/home/jb/.bash_profile"
Attempting to preview or load: "/home/jb/.bashrc"
preview loaded successfully for: "/home/jb/.bashrc"
Attempting to preview or load: "/home/jb/.env"
preview loaded successfully for: "/home/jb/.env"
Attempting to preview or load: "/home/jb/.face"
preview loaded successfully for: "/home/jb/.face"
Attempting to preview or load: "/home/jb/.gitconfig"
preview loaded successfully for: "/home/jb/.gitconfig"
Attempting to preview or load: "/home/jb/.gtkrc-2.0"
preview loaded successfully for: "/home/jb/.gtkrc-2.0"
Attempting to preview or load: "/home/jb/.profile"
preview loaded successfully for: "/home/jb/.profile"
Attempting to preview or load: "/home/jb/.repos"
preview loaded successfully for: "/home/jb/.repos"
Attempting to preview or load: "/home/jb/.tmux.conf"
preview loaded successfully for: "/home/jb/.tmux.conf"
Attempting to preview or load: "/home/jb/.viminfo"
preview loaded successfully for: "/home/jb/.viminfo"
Attempting to preview or load: "/home/jb/.Xresources"
preview loaded successfully for: "/home/jb/.Xresources"
Attempting to preview or load: "/home/jb/.zshenv"
preview loaded successfully for: "/home/jb/.zshenv"
Attempting to preview or load: "/home/jb/face"
preview loaded successfully for: "/home/jb/face"
Attempting to preview or load: "/home/jb/todo.txt"
preview loaded successfully for: "/home/jb/todo.txt"
Attempting to preview or load: "/home/jb/face"
preview loaded successfully for: "/home/jb/face"
Attempting to preview or load: "/home/jb/.zshenv"
preview loaded successfully for: "/home/jb/.zshenv"
Attempting to preview or load: "/home/jb/.Xresources"
preview loaded successfully for: "/home/jb/.Xresources"
Attempting to preview or load: "/home/jb/.viminfo"
preview loaded successfully for: "/home/jb/.viminfo"
Attempting to preview or load: "/home/jb/.tmux.conf"
preview loaded successfully for: "/home/jb/.tmux.conf"
Attempting to preview or load: "/home/jb/.repos"
preview loaded successfully for: "/home/jb/.repos"
Attempting to preview or load: "/home/jb/.profile"
preview loaded successfully for: "/home/jb/.profile"
Attempting to preview or load: "/home/jb/.gtkrc-2.0"
preview loaded successfully for: "/home/jb/.gtkrc-2.0"
Attempting to preview or load: "/home/jb/.gitconfig"
preview loaded successfully for: "/home/jb/.gitconfig"
Attempting to preview or load: "/home/jb/.face"
preview loaded successfully for: "/home/jb/.face"
Attempting to preview or load: "/home/jb/.env"
preview loaded successfully for: "/home/jb/.env"
Attempting to preview or load: "/home/jb/.bashrc"
preview loaded successfully for: "/home/jb/.bashrc"
Attempting to preview or load: "/home/jb/.bash_profile"
preview loaded successfully for: "/home/jb/.bash_profile"
Attempting to preview or load: "/home/jb/.bash_logout"
preview loaded successfully for: "/home/jb/.bash_logout"
Attempting to preview or load: "/home/jb/.bash_history"
preview loaded successfully for: "/home/jb/.bash_history"
Reading directory: "/home/jb/wall-e"
Reading directory: "/home/jb/Videos"
Reading directory: "/home/jb/Scripts"
Reading directory: "/home/jb/Pictures"
Reading directory: "/home/jb/Nordic-darker-Plasma-6"
Reading directory: "/home/jb/Music"
Reading directory: "/home/jb/macssh"
Reading directory: "/home/jb/Infinity-SDDM-6"
Reading directory: "/home/jb/Downloads"
Reading directory: "/home/jb/Documents"
Reading directory: "/home/jb/Dev"
Reading directory: "/home/jb/.zen"
Reading directory: "/home/jb/.tmux"
Reading directory: "/home/jb/.thunderbird"
Reading directory: "/home/jb/.ssh"
Reading directory: "/home/jb/.rustup"
Reading directory: "/home/jb/.pki"
Reading directory: "/home/jb/.npm"
Reading directory: "/home/jb/.mozilla"
Reading directory: "/home/jb/.local"
